Comp301Project/app/build/intermediates/manifest_merge_blame_file/debug/manifest-merger-blame-debug-report.txt
1<?xml version="1.0" encoding="utf-8"?>
2<manifest xmlns:android="http://schemas.android.com/apk/res/android"
3    package="com.example.myapplication"
4    android:versionCode="1"
5    android:versionName="1.0" >
6
7    <uses-sdk
8        android:minSdkVersion="24"
9        android:targetSdkVersion="34" />
10
11    <uses-permission android:name="android.permission.ACCESS_NETWORK_STATE" />
11-->[com.google.firebase:firebase-inappmessaging:20.4.0] AndroidManifest.xml:7:5-79
11-->[com.google.firebase:firebase-inappmessaging:20.4.0] AndroidManifest.xml:7:22-76
12    <uses-permission android:name="android.permission.INTERNET" />
12-->[com.google.firebase:firebase-inappmessaging:20.4.0] AndroidManifest.xml:8:5-67
12-->[com.google.firebase:firebase-inappmessaging:20.4.0] AndroidManifest.xml:8:22-64
13    <uses-permission android:name="android.permission.CAMERA" /> <!-- Don't require camera, as this requires a rear camera. This allows it to work on the Nexus 7 -->
13-->[com.journeyapps:zxing-android-embedded:4.1.0] AndroidManifest.xml:22:5-65
13-->[com.journeyapps:zxing-android-embedded:4.1.0] AndroidManifest.xml:22:22-62
14    <uses-feature
14-->[com.journeyapps:zxing-android-embedded:4.1.0] AndroidManifest.xml:25:5-27:36
15        android:name="android.hardware.camera"
15-->[com.journeyapps:zxing-android-embedded:4.1.0] AndroidManifest.xml:26:9-47
16        android:required="false" />
16-->[com.journeyapps:zxing-android-embedded:4.1.0] AndroidManifest.xml:27:9-33
17    <uses-feature
17-->[com.journeyapps:zxing-android-embedded:4.1.0] AndroidManifest.xml:28:5-30:36
18        android:name="android.hardware.camera.front"
18-->[com.journeyapps:zxing-android-embedded:4.1.0] AndroidManifest.xml:29:9-53
19        android:required="false" /> <!-- TODO replace above two with next line after Android 4.2 -->
19-->[com.journeyapps:zxing-android-embedded:4.1.0] AndroidManifest.xml:30:9-33
20    <!-- <uses-feature android:name="android.hardware.camera.any"/> -->
21    <uses-feature
21-->[com.journeyapps:zxing-android-embedded:4.1.0] AndroidManifest.xml:33:5-35:36
22        android:name="android.hardware.camera.autofocus"
22-->[com.journeyapps:zxing-android-embedded:4.1.0] AndroidManifest.xml:34:9-57
23        android:required="false" />
23-->[com.journeyapps:zxing-android-embedded:4.1.0] AndroidManifest.xml:35:9-33
24    <uses-feature
24-->[com.journeyapps:zxing-android-embedded:4.1.0] AndroidManifest.xml:36:5-38:36
25        android:name="android.hardware.camera.flash"
25-->[com.journeyapps:zxing-android-embedded:4.1.0] AndroidManifest.xml:37:9-53
26        android:required="false" />
26-->[com.journeyapps:zxing-android-embedded:4.1.0] AndroidManifest.xml:38:9-33
27    <uses-feature
27-->[com.journeyapps:zxing-android-embedded:4.1.0] AndroidManifest.xml:39:5-41:36
28        android:name="android.hardware.screen.landscape"
28-->[com.journeyapps:zxing-android-embedded:4.1.0] AndroidManifest.xml:40:9-57
29        android:required="false" />
29-->[com.journeyapps:zxing-android-embedded:4.1.0] AndroidManifest.xml:41:9-33
30    <uses-feature
30-->[com.journeyapps:zxing-android-embedded:4.1.0] AndroidManifest.xml:42:5-44:36
31        android:name="android.hardware.wifi"
31-->[com.journeyapps:zxing-android-embedded:4.1.0] AndroidManifest.xml:43:9-45
32        android:required="false" />
32-->[com.journeyapps:zxing-android-embedded:4.1.0] AndroidManifest.xml:44:9-33
33
34    <permission
34-->[androidx.core:core:1.9.0] AndroidManifest.xml:22:5-24:47
35        android:name="com.example.myapplication.DYNAMIC_RECEIVER_NOT_EXPORTED_PERMISSION"
35-->[androidx.core:core:1.9.0] AndroidManifest.xml:23:9-81
36        android:protectionLevel="signature" />
36-->[androidx.core:core:1.9.0] AndroidManifest.xml:24:9-44
37
38    <uses-permission android:name="com.example.myapplication.DYNAMIC_RECEIVER_NOT_EXPORTED_PERMISSION" />
38-->[androidx.core:core:1.9.0] AndroidManifest.xml:26:5-97
38-->[androidx.core:core:1.9.0] AndroidManifest.xml:26:22-94
39
40    <application
40-->src/main/AndroidManifest.xml:5:5-29:19
41        android:allowBackup="true"
41-->src/main/AndroidManifest.xml:6:9-35
42        android:appComponentFactory="androidx.core.app.CoreComponentFactory"
42-->[androidx.core:core:1.9.0] AndroidManifest.xml:28:18-86
43        android:dataExtractionRules="@xml/data_extraction_rules"
43-->src/main/AndroidManifest.xml:7:9-65
44        android:debuggable="true"
45        android:extractNativeLibs="false"
46        android:fullBackupContent="@xml/backup_rules"
46-->src/main/AndroidManifest.xml:8:9-54
47        android:icon="@mipmap/ic_launcher"
47-->src/main/AndroidManifest.xml:9:9-43
48        android:label="@string/app_name"
48-->src/main/AndroidManifest.xml:10:9-41
49        android:roundIcon="@mipmap/ic_launcher_round"
49-->src/main/AndroidManifest.xml:11:9-54
50        android:supportsRtl="true"
50-->src/main/AndroidManifest.xml:12:9-35
51        android:testOnly="true"
52        android:theme="@style/Theme.MyApplication" >
52-->src/main/AndroidManifest.xml:13:9-51
53        <activity
53-->src/main/AndroidManifest.xml:15:9-17:40
54            android:name="com.example.myapplication.UserProfile"
54-->src/main/AndroidManifest.xml:16:13-40
55            android:exported="false" />
55-->src/main/AndroidManifest.xml:17:13-37
56        <activity
56-->src/main/AndroidManifest.xml:18:9-28:20
57            android:name="com.example.myapplication.MainActivity"
57-->src/main/AndroidManifest.xml:19:13-41
58            android:exported="true"
58-->src/main/AndroidManifest.xml:20:13-36
59            android:label="@string/app_name"
59-->src/main/AndroidManifest.xml:21:13-45
60            android:theme="@style/Theme.MyApplication" >
60-->src/main/AndroidManifest.xml:22:13-55
61            <intent-filter>
61-->src/main/AndroidManifest.xml:23:13-27:29
62                <action android:name="android.intent.action.MAIN" />
62-->src/main/AndroidManifest.xml:24:17-69
62-->src/main/AndroidManifest.xml:24:25-66
63
64                <category android:name="android.intent.category.LAUNCHER" />
64-->src/main/AndroidManifest.xml:26:17-77
64-->src/main/AndroidManifest.xml:26:27-74
65            </intent-filter>
66        </activity>
67
68        <service
68-->[com.google.firebase:firebase-inappmessaging:20.4.0] AndroidManifest.xml:11:9-20:19
69            android:name="com.google.firebase.components.ComponentDiscoveryService"
69-->[com.google.firebase:firebase-inappmessaging:20.4.0] AndroidManifest.xml:12:13-84
70            android:directBootAware="true"
70-->[com.google.firebase:firebase-common:20.4.2] AndroidManifest.xml:32:13-43
71            android:exported="false" >
71-->[com.google.firebase:firebase-inappmessaging:20.4.0] AndroidManifest.xml:13:13-37
72            <meta-data
72-->[com.google.firebase:firebase-inappmessaging:20.4.0] AndroidManifest.xml:14:13-16:85
73                android:name="com.google.firebase.components:com.google.firebase.inappmessaging.FirebaseInAppMessagingKtxRegistrar"
73-->[com.google.firebase:firebase-inappmessaging:20.4.0] AndroidManifest.xml:15:17-132
74                android:value="com.google.firebase.components.ComponentRegistrar" />
74-->[com.google.firebase:firebase-inappmessaging:20.4.0] AndroidManifest.xml:16:17-82
75            <meta-data
75-->[com.google.firebase:firebase-inappmessaging:20.4.0] AndroidManifest.xml:17:13-19:85
76                android:name="com.google.firebase.components:com.google.firebase.inappmessaging.FirebaseInAppMessagingRegistrar"
76-->[com.google.firebase:firebase-inappmessaging:20.4.0] AndroidManifest.xml:18:17-129
77                android:value="com.google.firebase.components.ComponentRegistrar" />
77-->[com.google.firebase:firebase-inappmessaging:20.4.0] AndroidManifest.xml:19:17-82
78            <meta-data
78-->[com.google.firebase:firebase-firestore:24.10.1] AndroidManifest.xml:17:13-19:85
79                android:name="com.google.firebase.components:com.google.firebase.firestore.FirebaseFirestoreKtxRegistrar"
79-->[com.google.firebase:firebase-firestore:24.10.1] AndroidManifest.xml:18:17-122
80                android:value="com.google.firebase.components.ComponentRegistrar" />
80-->[com.google.firebase:firebase-firestore:24.10.1] AndroidManifest.xml:19:17-82
81            <meta-data
81-->[com.google.firebase:firebase-firestore:24.10.1] AndroidManifest.xml:20:13-22:85
82                android:name="com.google.firebase.components:com.google.firebase.firestore.FirestoreRegistrar"
82-->[com.google.firebase:firebase-firestore:24.10.1] AndroidManifest.xml:21:17-111
83                android:value="com.google.firebase.components.ComponentRegistrar" />
83-->[com.google.firebase:firebase-firestore:24.10.1] AndroidManifest.xml:22:17-82
84            <meta-data
84-->[com.google.firebase:firebase-datatransport:18.2.0] AndroidManifest.xml:25:13-27:85
85                android:name="com.google.firebase.components:com.google.firebase.datatransport.TransportRegistrar"
85-->[com.google.firebase:firebase-datatransport:18.2.0] AndroidManifest.xml:26:17-115
86                android:value="com.google.firebase.components.ComponentRegistrar" />
86-->[com.google.firebase:firebase-datatransport:18.2.0] AndroidManifest.xml:27:17-82
87            <meta-data
87-->[com.google.firebase:firebase-installations:17.2.0] AndroidManifest.xml:15:13-17:85
88                android:name="com.google.firebase.components:com.google.firebase.installations.FirebaseInstallationsKtxRegistrar"
88-->[com.google.firebase:firebase-installations:17.2.0] AndroidManifest.xml:16:17-130
89                android:value="com.google.firebase.components.ComponentRegistrar" />
89-->[com.google.firebase:firebase-installations:17.2.0] AndroidManifest.xml:17:17-82
90            <meta-data
90-->[com.google.firebase:firebase-installations:17.2.0] AndroidManifest.xml:18:13-20:85
91                android:name="com.google.firebase.components:com.google.firebase.installations.FirebaseInstallationsRegistrar"
91-->[com.google.firebase:firebase-installations:17.2.0] AndroidManifest.xml:19:17-127
92                android:value="com.google.firebase.components.ComponentRegistrar" />
92-->[com.google.firebase:firebase-installations:17.2.0] AndroidManifest.xml:20:17-82
93            <meta-data
93-->[com.google.firebase:firebase-common-ktx:20.4.2] AndroidManifest.xml:12:13-14:85
94                android:name="com.google.firebase.components:com.google.firebase.ktx.FirebaseCommonLegacyRegistrar"
94-->[com.google.firebase:firebase-common-ktx:20.4.2] AndroidManifest.xml:13:17-116
95                android:value="com.google.firebase.components.ComponentRegistrar" />
95-->[com.google.firebase:firebase-common-ktx:20.4.2] AndroidManifest.xml:14:17-82
96            <meta-data
96-->[com.google.firebase:firebase-common:20.4.2] AndroidManifest.xml:35:13-37:85
97                android:name="com.google.firebase.components:com.google.firebase.FirebaseCommonKtxRegistrar"
97-->[com.google.firebase:firebase-common:20.4.2] AndroidManifest.xml:36:17-109
98                android:value="com.google.firebase.components.ComponentRegistrar" />
98-->[com.google.firebase:firebase-common:20.4.2] AndroidManifest.xml:37:17-82
99            <meta-data
99-->[com.google.firebase:firebase-abt:21.1.1] AndroidManifest.xml:12:13-14:85
100                android:name="com.google.firebase.components:com.google.firebase.abt.component.AbtRegistrar"
100-->[com.google.firebase:firebase-abt:21.1.1] AndroidManifest.xml:13:17-109
101                android:value="com.google.firebase.components.ComponentRegistrar" />
101-->[com.google.firebase:firebase-abt:21.1.1] AndroidManifest.xml:14:17-82
102        </service>
103
104        <activity
104-->[com.journeyapps:zxing-android-embedded:4.1.0] AndroidManifest.xml:47:9-53:63
105            android:name="com.journeyapps.barcodescanner.CaptureActivity"
105-->[com.journeyapps:zxing-android-embedded:4.1.0] AndroidManifest.xml:48:13-74
106            android:clearTaskOnLaunch="true"
106-->[com.journeyapps:zxing-android-embedded:4.1.0] AndroidManifest.xml:49:13-45
107            android:screenOrientation="sensorLandscape"
107-->[com.journeyapps:zxing-android-embedded:4.1.0] AndroidManifest.xml:50:13-56
108            android:stateNotNeeded="true"
108-->[com.journeyapps:zxing-android-embedded:4.1.0] AndroidManifest.xml:51:13-42
109            android:theme="@style/zxing_CaptureTheme"
109-->[com.journeyapps:zxing-android-embedded:4.1.0] AndroidManifest.xml:52:13-54
110            android:windowSoftInputMode="stateAlwaysHidden" />
110-->[com.journeyapps:zxing-android-embedded:4.1.0] AndroidManifest.xml:53:13-60
111
112        <service
112-->[com.google.android.datatransport:transport-backend-cct:3.1.9] AndroidManifest.xml:28:9-34:19
113            android:name="com.google.android.datatransport.runtime.backends.TransportBackendDiscovery"
113-->[com.google.android.datatransport:transport-backend-cct:3.1.9] AndroidManifest.xml:29:13-103
114            android:exported="false" >
114-->[com.google.android.datatransport:transport-backend-cct:3.1.9] AndroidManifest.xml:30:13-37
115            <meta-data
115-->[com.google.android.datatransport:transport-backend-cct:3.1.9] AndroidManifest.xml:31:13-33:39
116                android:name="backend:com.google.android.datatransport.cct.CctBackendFactory"
116-->[com.google.android.datatransport:transport-backend-cct:3.1.9] AndroidManifest.xml:32:17-94
117                android:value="cct" />
117-->[com.google.android.datatransport:transport-backend-cct:3.1.9] AndroidManifest.xml:33:17-36
118        </service>
119        <service
119-->[com.google.android.datatransport:transport-runtime:3.1.9] AndroidManifest.xml:26:9-30:19
120            android:name="com.google.android.datatransport.runtime.scheduling.jobscheduling.JobInfoSchedulerService"
120-->[com.google.android.datatransport:transport-runtime:3.1.9] AndroidManifest.xml:27:13-117
121            android:exported="false"
121-->[com.google.android.datatransport:transport-runtime:3.1.9] AndroidManifest.xml:28:13-37
122            android:permission="android.permission.BIND_JOB_SERVICE" >
122-->[com.google.android.datatransport:transport-runtime:3.1.9] AndroidManifest.xml:29:13-69
123        </service>
124
125        <receiver
125-->[com.google.android.datatransport:transport-runtime:3.1.9] AndroidManifest.xml:32:9-34:40
126            android:name="com.google.android.datatransport.runtime.scheduling.jobscheduling.AlarmManagerSchedulerBroadcastReceiver"
126-->[com.google.android.datatransport:transport-runtime:3.1.9] AndroidManifest.xml:33:13-132
127            android:exported="false" />
127-->[com.google.android.datatransport:transport-runtime:3.1.9] AndroidManifest.xml:34:13-37
128
129        <provider
129-->[com.google.firebase:firebase-common:20.4.2] AndroidManifest.xml:23:9-28:39
130            android:name="com.google.firebase.provider.FirebaseInitProvider"
130-->[com.google.firebase:firebase-common:20.4.2] AndroidManifest.xml:24:13-77
131            android:authorities="com.example.myapplication.firebaseinitprovider"
131-->[com.google.firebase:firebase-common:20.4.2] AndroidManifest.xml:25:13-72
132            android:directBootAware="true"
132-->[com.google.firebase:firebase-common:20.4.2] AndroidManifest.xml:26:13-43
133            android:exported="false"
133-->[com.google.firebase:firebase-common:20.4.2] AndroidManifest.xml:27:13-37
134            android:initOrder="100" />
134-->[com.google.firebase:firebase-common:20.4.2] AndroidManifest.xml:28:13-36
135        <provider
135-->[androidx.emoji2:emoji2:1.2.0] AndroidManifest.xml:24:9-32:20
136            android:name="androidx.startup.InitializationProvider"
136-->[androidx.emoji2:emoji2:1.2.0] AndroidManifest.xml:25:13-67
137            android:authorities="com.example.myapplication.androidx-startup"
137-->[androidx.emoji2:emoji2:1.2.0] AndroidManifest.xml:26:13-68
138            android:exported="false" >
138-->[androidx.emoji2:emoji2:1.2.0] AndroidManifest.xml:27:13-37
139            <meta-data
139-->[androidx.emoji2:emoji2:1.2.0] AndroidManifest.xml:29:13-31:52
140                android:name="androidx.emoji2.text.EmojiCompatInitializer"
140-->[androidx.emoji2:emoji2:1.2.0] AndroidManifest.xml:30:17-75
141                android:value="androidx.startup" />
141-->[androidx.emoji2:emoji2:1.2.0] AndroidManifest.xml:31:17-49
142            <meta-data
142-->[androidx.lifecycle:lifecycle-process:2.6.2] AndroidManifest.xml:29:13-31:52
143                android:name="androidx.lifecycle.ProcessLifecycleInitializer"
143-->[androidx.lifecycle:lifecycle-process:2.6.2] AndroidManifest.xml:30:17-78
144                android:value="androidx.startup" />
144-->[androidx.lifecycle:lifecycle-process:2.6.2] AndroidManifest.xml:31:17-49
145            <meta-data
145-->[androidx.profileinstaller:profileinstaller:1.3.0] AndroidManifest.xml:29:13-31:52
146                android:name="androidx.profileinstaller.ProfileInstallerInitializer"
146-->[androidx.profileinstaller:profileinstaller:1.3.0] AndroidManifest.xml:30:17-85
147                android:value="androidx.startup" />
147-->[androidx.profileinstaller:profileinstaller:1.3.0] AndroidManifest.xml:31:17-49
148        </provider>
149
150        <activity
150-->[com.google.android.gms:play-services-base:18.0.1] AndroidManifest.xml:20:9-22:45
151            android:name="com.google.android.gms.common.api.GoogleApiActivity"
151-->[com.google.android.gms:play-services-base:18.0.1] AndroidManifest.xml:20:19-85
152            android:exported="false"
152-->[com.google.android.gms:play-services-base:18.0.1] AndroidManifest.xml:22:19-43
153            android:theme="@android:style/Theme.Translucent.NoTitleBar" />
153-->[com.google.android.gms:play-services-base:18.0.1] AndroidManifest.xml:21:19-78
154
155        <uses-library
155-->[androidx.window:window:1.0.0] AndroidManifest.xml:25:9-27:40
156            android:name="androidx.window.extensions"
156-->[androidx.window:window:1.0.0] AndroidManifest.xml:26:13-54
157            android:required="false" />
157-->[androidx.window:window:1.0.0] AndroidManifest.xml:27:13-37
158        <uses-library
158-->[androidx.window:window:1.0.0] AndroidManifest.xml:28:9-30:40
159            android:name="androidx.window.sidecar"
159-->[androidx.window:window:1.0.0] AndroidManifest.xml:29:13-51
160            android:required="false" />
160-->[androidx.window:window:1.0.0] AndroidManifest.xml:30:13-37
161
162        <meta-data
162-->[com.google.android.gms:play-services-basement:18.1.0] AndroidManifest.xml:21:9-23:69
163            android:name="com.google.android.gms.version"
163-->[com.google.android.gms:play-services-basement:18.1.0] AndroidManifest.xml:22:13-58
164            android:value="@integer/google_play_services_version" />
164-->[com.google.android.gms:play-services-basement:18.1.0] AndroidManifest.xml:23:13-66
165
166        <receiver
166-->[androidx.profileinstaller:profileinstaller:1.3.0] AndroidManifest.xml:34:9-52:20
167            android:name="androidx.profileinstaller.ProfileInstallReceiver"
167-->[androidx.profileinstaller:profileinstaller:1.3.0] AndroidManifest.xml:35:13-76
168            android:directBootAware="false"
168-->[androidx.profileinstaller:profileinstaller:1.3.0] AndroidManifest.xml:36:13-44
169            android:enabled="true"
169-->[androidx.profileinstaller:profileinstaller:1.3.0] AndroidManifest.xml:37:13-35
170            android:exported="true"
170-->[androidx.profileinstaller:profileinstaller:1.3.0] AndroidManifest.xml:38:13-36
171            android:permission="android.permission.DUMP" >
171-->[androidx.profileinstaller:profileinstaller:1.3.0] AndroidManifest.xml:39:13-57
172            <intent-filter>
172-->[androidx.profileinstaller:profileinstaller:1.3.0] AndroidManifest.xml:40:13-42:29
173                <action android:name="androidx.profileinstaller.action.INSTALL_PROFILE" />
173-->[androidx.profileinstaller:profileinstaller:1.3.0] AndroidManifest.xml:41:17-91
173-->[androidx.profileinstaller:profileinstaller:1.3.0] AndroidManifest.xml:41:25-88
174            </intent-filter>
175            <intent-filter>
175-->[androidx.profileinstaller:profileinstaller:1.3.0] AndroidManifest.xml:43:13-45:29
176                <action android:name="androidx.profileinstaller.action.SKIP_FILE" />
176-->[androidx.profileinstaller:profileinstaller:1.3.0] AndroidManifest.xml:44:17-85
176-->[androidx.profileinstaller:profileinstaller:1.3.0] AndroidManifest.xml:44:25-82
177            </intent-filter>
178            <intent-filter>
178-->[androidx.profileinstaller:profileinstaller:1.3.0] AndroidManifest.xml:46:13-48:29
179                <action android:name="androidx.profileinstaller.action.SAVE_PROFILE" />
179-->[androidx.profileinstaller:profileinstaller:1.3.0] AndroidManifest.xml:47:17-88
179-->[androidx.profileinstaller:profileinstaller:1.3.0] AndroidManifest.xml:47:25-85
180            </intent-filter>
181            <intent-filter>
181-->[androidx.profileinstaller:profileinstaller:1.3.0] AndroidManifest.xml:49:13-51:29
182                <action android:name="androidx.profileinstaller.action.BENCHMARK_OPERATION" />
182-->[androidx.profileinstaller:profileinstaller:1.3.0] AndroidManifest.xml:50:17-95
182-->[androidx.profileinstaller:profileinstaller:1.3.0] AndroidManifest.xml:50:25-92
183            </intent-filter>
184        </receiver>
185    </application>
186
187</manifest>